<?xml version="1.0" encoding="UTF-8"?>
<!-- Generated by org.testng.reporters.JUnitXMLReporter -->
<testsuite hostname="dijesh-PC" name="HomeWork" tests="5" failures="0" timestamp="6 Dec 2017 06:56:06 GMT" time="369.669" errors="0">
  <testcase name="createLead" time="46.971" classname="week4_homework.CreateLead_1"/>
  <testcase name="createLead" time="47.435" classname="week4_homework.CreateLead_1"/>
  <testcase name="edidMethod" time="25.659" classname="week4_homework.EditLead_1"/>
  <testcase name="delete" time="26.293" classname="week4_homework.Delete_Lead_1"/>
  <testcase name="mergeLead" time="80.503" classname="week4_homework.MeargeLead_1"/>
</testsuite> <!-- HomeWork -->
