<?xml version="1.0" encoding="UTF-8"?>
<!-- Generated by org.testng.reporters.JUnitXMLReporter -->
<testsuite hostname="dijesh-PC" name="Test" tests="4" failures="0" timestamp="6 Dec 2017 06:40:59 GMT" time="230.888" errors="0">
  <testcase name="createLead" time="53.893" classname="week4_homework.CreateLead_1"/>
  <testcase name="createLead" time="44.091" classname="week4_homework.CreateLead_1"/>
  <testcase name="edidMethod" time="23.565" classname="week4_homework.EditLead_1"/>
  <testcase name="delete" time="26.91" classname="week4_homework.Delete_Lead_1"/>
</testsuite> <!-- Test -->
